Using pre-set license
Built from '2020.3/staging' branch; Version is '2020.3.16f1 (049d6eca3c44) revision 302446'; Using compiler version '192528614'; Build Type 'Release'
OS: 'Windows 10 Home; OS build 19042.1288; Version 2009; 64bit' Language: 'en' Physical Memory: 16086 MB
BatchMode: 1, IsHumanControllingUs: 0, StartBugReporterOnCrash: 0, Is64bit: 1, IsPro: 0

 COMMAND LINE ARGUMENTS:
C:\Program Files\Unity\Hub\Editor\2020.3.16f1\Editor\Unity.exe
-adb2
-batchMode
-noUpm
-name
AssetImportWorker0
-projectPath
C:/Users/grant/OneDrive/Desktop/EyeTracking
-logFile
Logs/AssetImportWorker0.log
-srvPort
51172
Successfully changed project path to: C:/Users/grant/OneDrive/Desktop/EyeTracking
C:/Users/grant/OneDrive/Desktop/EyeTracking
Using Asset Import Pipeline V2.
Refreshing native plugins compatible for Editor in 68.89 ms, found 5 plugins.
Preloading 0 native plugins for Editor in 0.00 ms.
Initialize engine version: 2020.3.16f1 (049d6eca3c44)
[Subsystems] Discovering subsystems at path C:/Program Files/Unity/Hub/Editor/2020.3.16f1/Editor/Data/Resources/UnitySubsystems
[Subsystems] Discovering subsystems at path C:/Users/grant/OneDrive/Desktop/EyeTracking/Assets
GfxDevice: creating device client; threaded=0
Direct3D:
    Version:  Direct3D 11.0 [level 11.1]
    Renderer: Intel(R) UHD Graphics 620 (ID=0x3ea0)
    Vendor:   
    VRAM:     8043 MB
    Driver:   26.20.100.7927
Initialize mono
Mono path[0] = 'C:/Program Files/Unity/Hub/Editor/2020.3.16f1/Editor/Data/Managed'
Mono path[1] = 'C:/Program Files/Unity/Hub/Editor/2020.3.16f1/Editor/Data/MonoBleedingEdge/lib/mono/unityjit'
Mono config path = 'C:/Program Files/Unity/Hub/Editor/2020.3.16f1/Editor/Data/MonoBleedingEdge/etc'
Using monoOptions --debugger-agent=transport=dt_socket,embedding=1,server=y,suspend=n,address=127.0.0.1:56180
Begin MonoManager ReloadAssembly
Registering precompiled unity dll's ...
Register platform support module: C:/Program Files/Unity/Hub/Editor/2020.3.16f1/Editor/Data/PlaybackEngines/WindowsStandaloneSupport/UnityEditor.WindowsStandalone.Extensions.dll
Registered in 0.003412 seconds.
Native extension for WindowsStandalone target not found
Refreshing native plugins compatible for Editor in 64.57 ms, found 5 plugins.
Preloading 0 native plugins for Editor in 0.00 ms.
Mono: successfully reloaded assembly
- Completed reload, in  2.641 seconds
Domain Reload Profiling:
	ReloadAssembly (2641ms)
		BeginReloadAssembly (81ms)
			ExecutionOrderSort (0ms)
			DisableScriptedObjects (0ms)
			BackupInstance (0ms)
			ReleaseScriptingObjects (0ms)
			CreateAndSetChildDomain (1ms)
		EndReloadAssembly (674ms)
			LoadAssemblies (78ms)
			RebuildTransferFunctionScriptingTraits (0ms)
			SetupTypeCache (251ms)
			ReleaseScriptCaches (0ms)
			RebuildScriptCaches (51ms)
			SetupLoadedEditorAssemblies (262ms)
				LogAssemblyErrors (0ms)
				InitializePlatformSupportModulesInManaged (6ms)
				SetLoadedEditorAssemblies (0ms)
				RefreshPlugins (65ms)
				BeforeProcessingInitializeOnLoad (15ms)
				ProcessInitializeOnLoadAttributes (126ms)
				ProcessInitializeOnLoadMethodAttributes (48ms)
				AfterProcessingInitializeOnLoad (0ms)
				EditorAssembliesLoaded (1ms)
			ExecutionOrderSort2 (0ms)
			AwakeInstancesAfterBackupRestoration (0ms)
Platform modules already initialized, skipping
Registering precompiled user dll's ...
Registered in 0.004680 seconds.
Begin MonoManager ReloadAssembly
Native extension for WindowsStandalone target not found
Refreshing native plugins compatible for Editor in 1.12 ms, found 5 plugins.
Preloading 0 native plugins for Editor in 0.00 ms.
Mono: successfully reloaded assembly
- Completed reload, in  1.721 seconds
Domain Reload Profiling:
	ReloadAssembly (1722ms)
		BeginReloadAssembly (229ms)
			ExecutionOrderSort (0ms)
			DisableScriptedObjects (6ms)
			BackupInstance (0ms)
			ReleaseScriptingObjects (0ms)
			CreateAndSetChildDomain (31ms)
		EndReloadAssembly (1382ms)
			LoadAssemblies (137ms)
			RebuildTransferFunctionScriptingTraits (0ms)
			SetupTypeCache (495ms)
			ReleaseScriptCaches (1ms)
			RebuildScriptCaches (70ms)
			SetupLoadedEditorAssemblies (493ms)
				LogAssemblyErrors (0ms)
				InitializePlatformSupportModulesInManaged (8ms)
				SetLoadedEditorAssemblies (1ms)
				RefreshPlugins (1ms)
				BeforeProcessingInitializeOnLoad (112ms)
				ProcessInitializeOnLoadAttributes (355ms)
				ProcessInitializeOnLoadMethodAttributes (6ms)
				AfterProcessingInitializeOnLoad (8ms)
				EditorAssembliesLoaded (0ms)
			ExecutionOrderSort2 (0ms)
			AwakeInstancesAfterBackupRestoration (9ms)
Platform modules already initialized, skipping
========================================================================
Worker process is ready to serve import requests
Launched and connected shader compiler UnityShaderCompiler.exe after 0.08 seconds
Refreshing native plugins compatible for Editor in 0.48 ms, found 5 plugins.
Preloading 0 native plugins for Editor in 0.00 ms.
Unloading 1746 Unused Serialized files (Serialized files now loaded: 0)
System memory in use before: 79.3 MB.
System memory in use after: 79.4 MB.

Unloading 18 unused Assets to reduce memory usage. Loaded Objects now: 2182.
Total: 3.950300 ms (FindLiveObjects: 0.261300 ms CreateObjectMapping: 0.090100 ms MarkObjects: 3.526900 ms  DeleteObjects: 0.070300 ms)

AssetImportParameters requested are different than current active one (requested -> active):
  custom:framework-win-MediaFoundation: 216162199b28c13a410421893ffa2e32 -> 
  custom:video-decoder-ogg-theora: a1e56fd34408186e4bbccfd4996cb3dc -> 
  custom:container-muxer-webm: aa71ff27fc2769a1b78a27578f13a17b -> 
  custom:container-demuxer-webm: 4f35f7cbe854078d1ac9338744f61a02 -> 
  custom:container-demuxer-ogg: 62fdf1f143b41e24485cea50d1cbac27 -> 
  custom:video-encoder-webm-vp8: eb34c28f22e8b96e1ab97ce403110664 -> 
  custom:video-codec-MediaFoundation-h265: 746d11721c4dcdbdad8f713fa42b33f4 -> 
  custom:video-decoder-webm-vp8: 9c59270c3fd7afecdb556c50c9e8de78 -> 
  custom:audio-decoder-ogg-vorbis: bf7c407c2cedff20999df2af8eb42d56 -> 
  custom:audio-encoder-webm-vorbis: bf7c407c2cedff20999df2af8eb42d56 -> 
========================================================================
Received Import Request.
  path: Assets/Scenes
  artifactKey: Guid(b16fad91bb7bddd409c2179198a04c89) Importer(815301076,1909f56bfc062723c751e8b465ee728b)
Start importing Assets/Scenes using Guid(b16fad91bb7bddd409c2179198a04c89) Importer(815301076,1909f56bfc062723c751e8b465ee728b)  -> (artifact id: '5ef8da06904dbee17cbe4ee9362ce93c') in 0.017520 seconds 
  Import took 0.021973 seconds .

========================================================================
Received Import Request.
  Time since last request: 12.958276 seconds.
  path: Assets/Scenes/MainConversation.unity
  artifactKey: Guid(3872d86385342204e8dc1e039865c63b) Importer(815301076,1909f56bfc062723c751e8b465ee728b)
Start importing Assets/Scenes/MainConversation.unity using Guid(3872d86385342204e8dc1e039865c63b) Importer(815301076,1909f56bfc062723c751e8b465ee728b)  -> (artifact id: '9841b2e95b9b4197db8f2f946e257f4b') in 0.044238 seconds 
  Import took 0.049502 seconds .

========================================================================
Received Import Request.
  Time since last request: 1231.162822 seconds.
  path: Assets/Animations/Girl/Ch22_nonPBR.fbx
  artifactKey: Guid(16c90825108859f41bd3a9897a77f3e7) Importer(815301076,1909f56bfc062723c751e8b465ee728b)
Start importing Assets/Animations/Girl/Ch22_nonPBR.fbx using Guid(16c90825108859f41bd3a9897a77f3e7) Importer(815301076,1909f56bfc062723c751e8b465ee728b)  -> (artifact id: '82a49cee62ed1c4173c525db2636873d') in 0.254088 seconds 
  Import took 0.258335 seconds .

========================================================================
Received Import Request.
  Time since last request: 0.000174 seconds.
  path: Assets/Animations/Girl/Ch22_nonPBR@Angry Point.fbx
  artifactKey: Guid(d41919a330f3d3a4f8d619b1b5035d63) Importer(815301076,1909f56bfc062723c751e8b465ee728b)
Start importing Assets/Animations/Girl/Ch22_nonPBR@Angry Point.fbx using Guid(d41919a330f3d3a4f8d619b1b5035d63) Importer(815301076,1909f56bfc062723c751e8b465ee728b)  -> (artifact id: 'd1b60045e40defa7d0f5ca48e5dfb7d1') in 0.015132 seconds 
  Import took 0.018435 seconds .

========================================================================
Received Import Request.
  Time since last request: 4.401898 seconds.
  path: Assets/Animations/Girl/Ch22_nonPBR@Angry Point.fbx
  artifactKey: Guid(d41919a330f3d3a4f8d619b1b5035d63) Importer(815301076,1909f56bfc062723c751e8b465ee728b)
Start importing Assets/Animations/Girl/Ch22_nonPBR@Angry Point.fbx using Guid(d41919a330f3d3a4f8d619b1b5035d63) Importer(815301076,1909f56bfc062723c751e8b465ee728b)  -> (artifact id: '0d72dbcc8cf2e0e6c44c383ecb31c88e') in 0.010477 seconds 
  Import took 0.015122 seconds .

========================================================================
Received Import Request.
  Time since last request: 97.376352 seconds.
  path: Assets/SteamVR/InteractionSystem/Samples/BuggyBuddy/Audio/Idle_loop.wav
  artifactKey: Guid(3ee1fc95c2ea4134fa1e8af41ac81b01) Importer(815301076,1909f56bfc062723c751e8b465ee728b)
Start importing Assets/SteamVR/InteractionSystem/Samples/BuggyBuddy/Audio/Idle_loop.wav using Guid(3ee1fc95c2ea4134fa1e8af41ac81b01) Importer(815301076,1909f56bfc062723c751e8b465ee728b)  -> (artifact id: 'c9b832bddf25ec372b567b62f0088779') in 0.055886 seconds 
  Import took 0.058950 seconds .

========================================================================
Received Import Request.
  Time since last request: 0.000279 seconds.
  path: Assets/SteamVR/InteractionSystem/Teleport/Models/TeleportMarker.fbx
  artifactKey: Guid(0e96081d793e1994086123e2505bcc0e) Importer(815301076,1909f56bfc062723c751e8b465ee728b)
Start importing Assets/SteamVR/InteractionSystem/Teleport/Models/TeleportMarker.fbx using Guid(0e96081d793e1994086123e2505bcc0e) Importer(815301076,1909f56bfc062723c751e8b465ee728b)  -> (artifact id: 'ec2fb0b3ccc6a9d5425c4d7c68dc3dd7') in 0.053638 seconds 
  Import took 0.056579 seconds .

========================================================================
Received Import Request.
  Time since last request: 105.727884 seconds.
  path: Assets/Animations/Girl/MariaTimeline.playable
  artifactKey: Guid(6b7b4f0ee8f42a645a154291564f115a) Importer(815301076,1909f56bfc062723c751e8b465ee728b)
Start importing Assets/Animations/Girl/MariaTimeline.playable using Guid(6b7b4f0ee8f42a645a154291564f115a) Importer(815301076,1909f56bfc062723c751e8b465ee728b)  -> (artifact id: '2153f624a0fd233204fdcaa18fd3e552') in 0.042150 seconds 
  Import took 0.046495 seconds .

========================================================================
Received Prepare
Registering precompiled user dll's ...
Registered in 0.005189 seconds.
Begin MonoManager ReloadAssembly
Native extension for WindowsStandalone target not found
Refreshing native plugins compatible for Editor in 0.48 ms, found 5 plugins.
Preloading 0 native plugins for Editor in 0.00 ms.
Mono: successfully reloaded assembly
- Completed reload, in  1.004 seconds
Domain Reload Profiling:
	ReloadAssembly (1005ms)
		BeginReloadAssembly (135ms)
			ExecutionOrderSort (0ms)
			DisableScriptedObjects (4ms)
			BackupInstance (0ms)
			ReleaseScriptingObjects (0ms)
			CreateAndSetChildDomain (38ms)
		EndReloadAssembly (809ms)
			LoadAssemblies (92ms)
			RebuildTransferFunctionScriptingTraits (0ms)
			SetupTypeCache (302ms)
			ReleaseScriptCaches (1ms)
			RebuildScriptCaches (35ms)
			SetupLoadedEditorAssemblies (289ms)
				LogAssemblyErrors (0ms)
				InitializePlatformSupportModulesInManaged (4ms)
				SetLoadedEditorAssemblies (0ms)
				RefreshPlugins (1ms)
				BeforeProcessingInitializeOnLoad (57ms)
				ProcessInitializeOnLoadAttributes (216ms)
				ProcessInitializeOnLoadMethodAttributes (4ms)
				AfterProcessingInitializeOnLoad (6ms)
				EditorAssembliesLoaded (0ms)
			ExecutionOrderSort2 (0ms)
			AwakeInstancesAfterBackupRestoration (7ms)
Platform modules already initialized, skipping
Refreshing native plugins compatible for Editor in 0.47 ms, found 5 plugins.
Preloading 0 native plugins for Editor in 0.00 ms.
Unloading 1723 Unused Serialized files (Serialized files now loaded: 0)
System memory in use before: 94.7 MB.
System memory in use after: 94.8 MB.

Unloading 14 unused Assets to reduce memory usage. Loaded Objects now: 2231.
Total: 3.178700 ms (FindLiveObjects: 0.221600 ms CreateObjectMapping: 0.063500 ms MarkObjects: 2.871700 ms  DeleteObjects: 0.020700 ms)

AssetImportParameters requested are different than current active one (requested -> active):
  custom:framework-win-MediaFoundation: 216162199b28c13a410421893ffa2e32 -> 
  custom:video-decoder-ogg-theora: a1e56fd34408186e4bbccfd4996cb3dc -> 
  custom:container-muxer-webm: aa71ff27fc2769a1b78a27578f13a17b -> 
  custom:container-demuxer-webm: 4f35f7cbe854078d1ac9338744f61a02 -> 
  custom:container-demuxer-ogg: 62fdf1f143b41e24485cea50d1cbac27 -> 
  custom:video-encoder-webm-vp8: eb34c28f22e8b96e1ab97ce403110664 -> 
  custom:video-codec-MediaFoundation-h265: 746d11721c4dcdbdad8f713fa42b33f4 -> 
  custom:video-decoder-webm-vp8: 9c59270c3fd7afecdb556c50c9e8de78 -> 
  custom:audio-decoder-ogg-vorbis: bf7c407c2cedff20999df2af8eb42d56 -> 
  custom:audio-encoder-webm-vorbis: bf7c407c2cedff20999df2af8eb42d56 -> 
========================================================================
Received Import Request.
  Time since last request: 963.316112 seconds.
  path: Assets/Office Room Furniture/Office/Prefabs/Armchair_1.prefab
  artifactKey: Guid(02baaf1bd178fdb4d841e92a9f71d6e5) Importer(815301076,1909f56bfc062723c751e8b465ee728b)
Start importing Assets/Office Room Furniture/Office/Prefabs/Armchair_1.prefab using Guid(02baaf1bd178fdb4d841e92a9f71d6e5) Importer(815301076,1909f56bfc062723c751e8b465ee728b)  -> (artifact id: 'c7dbbe7920033aa736374ef30550f217') in 0.230269 seconds 
  Import took 0.234245 seconds .

========================================================================
Received Import Request.
  Time since last request: 0.000174 seconds.
  path: Assets/Office Room Furniture/Office/Prefabs/MouseKeyboard_1.prefab
  artifactKey: Guid(bbc921e76de47404897b9ee2df795603) Importer(815301076,1909f56bfc062723c751e8b465ee728b)
Start importing Assets/Office Room Furniture/Office/Prefabs/MouseKeyboard_1.prefab using Guid(bbc921e76de47404897b9ee2df795603) Importer(815301076,1909f56bfc062723c751e8b465ee728b)  -> (artifact id: 'a2bf7ea8cec815016639ff22232442d9') in 0.086080 seconds 
  Import took 0.088837 seconds .

========================================================================
Received Import Request.
  Time since last request: 0.000279 seconds.
  path: Assets/Office Room Furniture/Office/Prefabs/Monitor_1.prefab
  artifactKey: Guid(9e2e17fdb01b85349a2b8ba3c9e349fb) Importer(815301076,1909f56bfc062723c751e8b465ee728b)
Start importing Assets/Office Room Furniture/Office/Prefabs/Monitor_1.prefab using Guid(9e2e17fdb01b85349a2b8ba3c9e349fb) Importer(815301076,1909f56bfc062723c751e8b465ee728b)  -> (artifact id: '325015ce0ed8a5c8f541e1c3e88fadc4') in 0.065490 seconds 
  Import took 0.068192 seconds .

========================================================================
Received Import Request.
  Time since last request: 0.000299 seconds.
  path: Assets/Office Room Furniture/Office/Prefabs/OfficeChair_1.prefab
  artifactKey: Guid(36a7c36a016378e4a8f00004c68a1f3d) Importer(815301076,1909f56bfc062723c751e8b465ee728b)
Start importing Assets/Office Room Furniture/Office/Prefabs/OfficeChair_1.prefab using Guid(36a7c36a016378e4a8f00004c68a1f3d) Importer(815301076,1909f56bfc062723c751e8b465ee728b)  -> (artifact id: 'a7d47f6cd66cc5c9e79c78461f2ec67e') in 0.080303 seconds 
  Import took 0.083621 seconds .

========================================================================
Received Import Request.
  Time since last request: 0.000291 seconds.
  path: Assets/Office Room Furniture/Office/Prefabs/Objects_1.prefab
  artifactKey: Guid(b39af83ea51e1f74fa9441c571c84b2d) Importer(815301076,1909f56bfc062723c751e8b465ee728b)
Start importing Assets/Office Room Furniture/Office/Prefabs/Objects_1.prefab using Guid(b39af83ea51e1f74fa9441c571c84b2d) Importer(815301076,1909f56bfc062723c751e8b465ee728b)  -> (artifact id: 'cf3f138a27d65c298028464233868581') in 0.316879 seconds 
  Import took 0.320118 seconds .

========================================================================
Received Import Request.
  Time since last request: 0.000275 seconds.
  path: Assets/Office Room Furniture/Office/Prefabs/FloorPlant_!.prefab
  artifactKey: Guid(a099324e8369338448eeda8e277b651b) Importer(815301076,1909f56bfc062723c751e8b465ee728b)
Start importing Assets/Office Room Furniture/Office/Prefabs/FloorPlant_!.prefab using Guid(a099324e8369338448eeda8e277b651b) Importer(815301076,1909f56bfc062723c751e8b465ee728b)  -> (artifact id: '72fef1502c84e3f85a85e6cb6784e24b') in 0.010425 seconds 
  Import took 0.013809 seconds .

========================================================================
Received Import Request.
  Time since last request: 0.000188 seconds.
  path: Assets/Office Room Furniture/Office/Prefabs/FloorLamp_1.prefab
  artifactKey: Guid(1a8a8d907630a1143819ec799c0a0159) Importer(815301076,1909f56bfc062723c751e8b465ee728b)
Start importing Assets/Office Room Furniture/Office/Prefabs/FloorLamp_1.prefab using Guid(1a8a8d907630a1143819ec799c0a0159) Importer(815301076,1909f56bfc062723c751e8b465ee728b)  -> (artifact id: 'ef501d8eb9afc8b9b2b64c3b152694eb') in 0.033946 seconds 
  Import took 0.038159 seconds .

========================================================================
Received Import Request.
  Time since last request: 0.000228 seconds.
  path: Assets/Office Room Furniture/Office/Prefabs/OfficeDesk_1.prefab
  artifactKey: Guid(8379dae3f7b2e824bb1b8f1455c69064) Importer(815301076,1909f56bfc062723c751e8b465ee728b)
Start importing Assets/Office Room Furniture/Office/Prefabs/OfficeDesk_1.prefab using Guid(8379dae3f7b2e824bb1b8f1455c69064) Importer(815301076,1909f56bfc062723c751e8b465ee728b)  -> (artifact id: '4982df455c0f058f3a408d45b97ef4dd') in 0.042750 seconds 
  Import took 0.045754 seconds .

========================================================================
Received Import Request.
  Time since last request: 0.000283 seconds.
  path: Assets/Office Room Furniture/Office/Prefabs/Nesting_Table_1.prefab
  artifactKey: Guid(a92ffd6910045724cb6b05b8a862ae97) Importer(815301076,1909f56bfc062723c751e8b465ee728b)
Start importing Assets/Office Room Furniture/Office/Prefabs/Nesting_Table_1.prefab using Guid(a92ffd6910045724cb6b05b8a862ae97) Importer(815301076,1909f56bfc062723c751e8b465ee728b)  -> (artifact id: 'fbe042534b6425acf1d3f58117957604') in 0.057269 seconds 
  Import took 0.059814 seconds .

========================================================================
Received Import Request.
  Time since last request: 0.000284 seconds.
  path: Assets/Office Room Furniture/Office/Prefabs/Frame 1.prefab
  artifactKey: Guid(4f3fb4621dcc75e4ab94ccde1289a5de) Importer(815301076,1909f56bfc062723c751e8b465ee728b)
Start importing Assets/Office Room Furniture/Office/Prefabs/Frame 1.prefab using Guid(4f3fb4621dcc75e4ab94ccde1289a5de) Importer(815301076,1909f56bfc062723c751e8b465ee728b)  -> (artifact id: '36d29a2a8b796eda72d79c1ada4bf6b3') in 0.052374 seconds 
  Import took 0.054892 seconds .

========================================================================
Received Import Request.
  Time since last request: 124.675855 seconds.
  path: Assets/Office Room Furniture/Office/Textures/Armchair_1.png
  artifactKey: Guid(9f94dc89cf042154990ddc7935cd2746) Importer(815301076,1909f56bfc062723c751e8b465ee728b)
Start importing Assets/Office Room Furniture/Office/Textures/Armchair_1.png using Guid(9f94dc89cf042154990ddc7935cd2746) Importer(815301076,1909f56bfc062723c751e8b465ee728b)  -> (artifact id: '01c24e8d4510840a4b487ed3a11ab86d') in 0.078977 seconds 
  Import took 0.082943 seconds .

========================================================================
Received Import Request.
  Time since last request: 0.000270 seconds.
  path: Assets/Office Room Furniture/Office/Textures/Nesting_Table_3.png
  artifactKey: Guid(c43f30dd8e51b9e41909d971b0997368) Importer(815301076,1909f56bfc062723c751e8b465ee728b)
Start importing Assets/Office Room Furniture/Office/Textures/Nesting_Table_3.png using Guid(c43f30dd8e51b9e41909d971b0997368) Importer(815301076,1909f56bfc062723c751e8b465ee728b)  -> (artifact id: 'c494d8b7154def084bb9ef282f6b2222') in 0.045318 seconds 
  Import took 0.047954 seconds .

========================================================================
Received Import Request.
  Time since last request: 0.000246 seconds.
  path: Assets/Office Room Furniture/Office/Textures/Objects_1_Normal.png
  artifactKey: Guid(b8811f30e86ec714e81b298574289d0d) Importer(815301076,1909f56bfc062723c751e8b465ee728b)
Start importing Assets/Office Room Furniture/Office/Textures/Objects_1_Normal.png using Guid(b8811f30e86ec714e81b298574289d0d) Importer(815301076,1909f56bfc062723c751e8b465ee728b)  -> (artifact id: 'b55899044deab888ed96676da586150c') in 0.040623 seconds 
  Import took 0.043443 seconds .

========================================================================
Received Import Request.
  Time since last request: 0.000276 seconds.
  path: Assets/Office Room Furniture/Office/Textures/Monitor_1_Emission.png
  artifactKey: Guid(f6a5262e4cd3cd34c8d692d187574227) Importer(815301076,1909f56bfc062723c751e8b465ee728b)
Start importing Assets/Office Room Furniture/Office/Textures/Monitor_1_Emission.png using Guid(f6a5262e4cd3cd34c8d692d187574227) Importer(815301076,1909f56bfc062723c751e8b465ee728b)  -> (artifact id: 'e1b06c3fb2120f2b76f15b8a6427c68b') in 0.013651 seconds 
  Import took 0.016539 seconds .

========================================================================
Received Import Request.
  Time since last request: 0.000235 seconds.
  path: Assets/Office Room Furniture/Office/Textures/Floor_Lamp_1.png
  artifactKey: Guid(cd339f835bcbbe0459a71725be1a83bb) Importer(815301076,1909f56bfc062723c751e8b465ee728b)
Start importing Assets/Office Room Furniture/Office/Textures/Floor_Lamp_1.png using Guid(cd339f835bcbbe0459a71725be1a83bb) Importer(815301076,1909f56bfc062723c751e8b465ee728b)  -> (artifact id: '7fc5557c8c19e59683a8e80c43287e6f') in 0.028360 seconds 
  Import took 0.031490 seconds .

========================================================================
Received Import Request.
  Time since last request: 0.000310 seconds.
  path: Assets/Office Room Furniture/Office/Textures/Armchair_3.png
  artifactKey: Guid(589d0a3d7ede8b84ab8d69e1038cdb0e) Importer(815301076,1909f56bfc062723c751e8b465ee728b)
Start importing Assets/Office Room Furniture/Office/Textures/Armchair_3.png using Guid(589d0a3d7ede8b84ab8d69e1038cdb0e) Importer(815301076,1909f56bfc062723c751e8b465ee728b)  -> (artifact id: 'a8068251a5bec486c020e4ad6efb92ab') in 0.026965 seconds 
  Import took 0.030274 seconds .

========================================================================
Received Import Request.
  Time since last request: 0.000398 seconds.
  path: Assets/Office Room Furniture/Office/Textures/Floor_Lamp_1_Specular.png
  artifactKey: Guid(6b849609cf52a2945a7386af44fced47) Importer(815301076,1909f56bfc062723c751e8b465ee728b)
Start importing Assets/Office Room Furniture/Office/Textures/Floor_Lamp_1_Specular.png using Guid(6b849609cf52a2945a7386af44fced47) Importer(815301076,1909f56bfc062723c751e8b465ee728b)  -> (artifact id: 'dc3960f216fd70fb8ceba4fb19ceba15') in 0.029115 seconds 
  Import took 0.032546 seconds .

========================================================================
Received Import Request.
  Time since last request: 0.000303 seconds.
  path: Assets/Office Room Furniture/Office/Textures/FloorPlant_1_Normal.png
  artifactKey: Guid(172de56375a8daa45b76c610de001538) Importer(815301076,1909f56bfc062723c751e8b465ee728b)
Start importing Assets/Office Room Furniture/Office/Textures/FloorPlant_1_Normal.png using Guid(172de56375a8daa45b76c610de001538) Importer(815301076,1909f56bfc062723c751e8b465ee728b)  -> (artifact id: '77b6d1ddf3ed0920cc0f83490141b5e3') in 0.028221 seconds 
  Import took 0.031360 seconds .

========================================================================
Received Import Request.
  Time since last request: 0.000252 seconds.
  path: Assets/Office Room Furniture/Office/Textures/Frame_1_Normal.png
  artifactKey: Guid(96ab64a94f1976d44b0e16b68d4655c1) Importer(815301076,1909f56bfc062723c751e8b465ee728b)
Start importing Assets/Office Room Furniture/Office/Textures/Frame_1_Normal.png using Guid(96ab64a94f1976d44b0e16b68d4655c1) Importer(815301076,1909f56bfc062723c751e8b465ee728b)  -> (artifact id: '7aa447efc2464bcd2fb4caeb61e9bb33') in 0.025691 seconds 
  Import took 0.029144 seconds .

========================================================================
Received Import Request.
  Time since last request: 0.000331 seconds.
  path: Assets/Office Room Furniture/Office/Textures/FloorPlant_1_Specular.png
  artifactKey: Guid(16f02ec14d5a14449b8a30131c0cbf42) Importer(815301076,1909f56bfc062723c751e8b465ee728b)
Start importing Assets/Office Room Furniture/Office/Textures/FloorPlant_1_Specular.png using Guid(16f02ec14d5a14449b8a30131c0cbf42) Importer(815301076,1909f56bfc062723c751e8b465ee728b)  -> (artifact id: '3f50661091a480e432b18a5851ddb907') in 0.023815 seconds 
  Import took 0.027591 seconds .

========================================================================
Received Import Request.
  Time since last request: 0.000261 seconds.
  path: Assets/Office Room Furniture/Office/Textures/Monitor_1_Specular.png
  artifactKey: Guid(6a9d41bc04d9ee148a47c739e08943c3) Importer(815301076,1909f56bfc062723c751e8b465ee728b)
Start importing Assets/Office Room Furniture/Office/Textures/Monitor_1_Specular.png using Guid(6a9d41bc04d9ee148a47c739e08943c3) Importer(815301076,1909f56bfc062723c751e8b465ee728b)  -> (artifact id: '1e384acc3ced9ae59890c9597e44c53c') in 0.019937 seconds 
  Import took 0.023336 seconds .

========================================================================
Received Import Request.
  Time since last request: 0.000261 seconds.
  path: Assets/Office Room Furniture/Office/Textures/Armchair_1_Normal.png
  artifactKey: Guid(2481f783ac1300a40b91de39a0665f4d) Importer(815301076,1909f56bfc062723c751e8b465ee728b)
Start importing Assets/Office Room Furniture/Office/Textures/Armchair_1_Normal.png using Guid(2481f783ac1300a40b91de39a0665f4d) Importer(815301076,1909f56bfc062723c751e8b465ee728b)  -> (artifact id: 'defcf8c18a78aaa3f276c93650dcfa83') in 0.026823 seconds 
  Import took 0.030443 seconds .

========================================================================
Received Import Request.
  Time since last request: 0.000327 seconds.
  path: Assets/Office Room Furniture/Office/Textures/OfficeDesk_1_Specullar.png
  artifactKey: Guid(dca8e1e927dfe5d4a81a0217f7f26793) Importer(815301076,1909f56bfc062723c751e8b465ee728b)
Start importing Assets/Office Room Furniture/Office/Textures/OfficeDesk_1_Specullar.png using Guid(dca8e1e927dfe5d4a81a0217f7f26793) Importer(815301076,1909f56bfc062723c751e8b465ee728b)  -> (artifact id: '2ebde735befef349e0090baf3270163f') in 0.028064 seconds 
  Import took 0.031588 seconds .

========================================================================
Received Import Request.
  Time since last request: 0.000269 seconds.
  path: Assets/Office Room Furniture/Office/Textures/MouseKeyboard_1_Normal.png
  artifactKey: Guid(25d81d462817c1444b6156da29d8a92a) Importer(815301076,1909f56bfc062723c751e8b465ee728b)
Start importing Assets/Office Room Furniture/Office/Textures/MouseKeyboard_1_Normal.png using Guid(25d81d462817c1444b6156da29d8a92a) Importer(815301076,1909f56bfc062723c751e8b465ee728b)  -> (artifact id: 'ceec992ec2ada1a1f3d649adf9310426') in 0.027978 seconds 
  Import took 0.031834 seconds .

========================================================================
Received Import Request.
  Time since last request: 0.000192 seconds.
  path: Assets/Office Room Furniture/Office/Textures/MouseKeyboard_1_Specular.png
  artifactKey: Guid(2d2b7e6dd81f90240974867c37f90798) Importer(815301076,1909f56bfc062723c751e8b465ee728b)
Start importing Assets/Office Room Furniture/Office/Textures/MouseKeyboard_1_Specular.png using Guid(2d2b7e6dd81f90240974867c37f90798) Importer(815301076,1909f56bfc062723c751e8b465ee728b)  -> (artifact id: '9002fb9950c846731427e4b008188f8c') in 0.023439 seconds 
  Import took 0.026835 seconds .

========================================================================
Received Import Request.
  Time since last request: 0.000271 seconds.
  path: Assets/Office Room Furniture/Office/Textures/Armchair_4.png
  artifactKey: Guid(03ea044f723a75c4dbc4cece96e5752a) Importer(815301076,1909f56bfc062723c751e8b465ee728b)
Start importing Assets/Office Room Furniture/Office/Textures/Armchair_4.png using Guid(03ea044f723a75c4dbc4cece96e5752a) Importer(815301076,1909f56bfc062723c751e8b465ee728b)  -> (artifact id: '75c52aae23b7d479fa2e984de33efb2e') in 0.028026 seconds 
  Import took 0.031712 seconds .

========================================================================
Received Import Request.
  Time since last request: 0.000178 seconds.
  path: Assets/Office Room Furniture/Office/Textures/Floor_Lamp_1_Emission.png
  artifactKey: Guid(4b641a4047faefb46a7134c4b454516b) Importer(815301076,1909f56bfc062723c751e8b465ee728b)
Start importing Assets/Office Room Furniture/Office/Textures/Floor_Lamp_1_Emission.png using Guid(4b641a4047faefb46a7134c4b454516b) Importer(815301076,1909f56bfc062723c751e8b465ee728b)  -> (artifact id: 'c942aeaf80789d9b77c72c72fec09105') in 0.019270 seconds 
  Import took 0.022097 seconds .

========================================================================
Received Import Request.
  Time since last request: 0.000243 seconds.
  path: Assets/Office Room Furniture/Office/Textures/FloorPlant_1.png
  artifactKey: Guid(026bba1353a7acd45ad092f400d449ee) Importer(815301076,1909f56bfc062723c751e8b465ee728b)
Start importing Assets/Office Room Furniture/Office/Textures/FloorPlant_1.png using Guid(026bba1353a7acd45ad092f400d449ee) Importer(815301076,1909f56bfc062723c751e8b465ee728b)  -> (artifact id: 'b22af9754abdf13b0960172cd7446a35') in 0.033127 seconds 
  Import took 0.036756 seconds .

========================================================================
Received Import Request.
  Time since last request: 0.000253 seconds.
  path: Assets/Office Room Furniture/Office/Textures/Frame_1.png
  artifactKey: Guid(94825558f218c71489bff20d541b46bf) Importer(815301076,1909f56bfc062723c751e8b465ee728b)
Start importing Assets/Office Room Furniture/Office/Textures/Frame_1.png using Guid(94825558f218c71489bff20d541b46bf) Importer(815301076,1909f56bfc062723c751e8b465ee728b)  -> (artifact id: '4a576f1567f301212dc603b8f9a7a9dd') in 0.022146 seconds 
  Import took 0.026228 seconds .

========================================================================
Received Import Request.
  Time since last request: 0.000273 seconds.
  path: Assets/Office Room Furniture/Office/Textures/OfficeDesk_1.png
  artifactKey: Guid(ef086ebeecfccfe4baa8db55dbe8b392) Importer(815301076,1909f56bfc062723c751e8b465ee728b)
Start importing Assets/Office Room Furniture/Office/Textures/OfficeDesk_1.png using Guid(ef086ebeecfccfe4baa8db55dbe8b392) Importer(815301076,1909f56bfc062723c751e8b465ee728b)  -> (artifact id: '5f68f01e6dc34d14ddd2299026254e7e') in 0.022930 seconds 
  Import took 0.026237 seconds .

========================================================================
Received Import Request.
  Time since last request: 0.000234 seconds.
  path: Assets/Office Room Furniture/Office/Textures/OfficeChair_1.png
  artifactKey: Guid(13e85af8f372f3e49a9419170772dc30) Importer(815301076,1909f56bfc062723c751e8b465ee728b)
Start importing Assets/Office Room Furniture/Office/Textures/OfficeChair_1.png using Guid(13e85af8f372f3e49a9419170772dc30) Importer(815301076,1909f56bfc062723c751e8b465ee728b)  -> (artifact id: '193407862717c9a41df97ac8cef48acd') in 0.022584 seconds 
  Import took 0.026658 seconds .

========================================================================
Received Import Request.
  Time since last request: 0.000286 seconds.
  path: Assets/Office Room Furniture/Office/Textures/Objects_1.png
  artifactKey: Guid(0806001f808069941ac772b70842d30f) Importer(815301076,1909f56bfc062723c751e8b465ee728b)
Start importing Assets/Office Room Furniture/Office/Textures/Objects_1.png using Guid(0806001f808069941ac772b70842d30f) Importer(815301076,1909f56bfc062723c751e8b465ee728b)  -> (artifact id: '7e7baac814180d3ed97cbf77763b608c') in 0.020764 seconds 
  Import took 0.024151 seconds .

========================================================================
Received Import Request.
  Time since last request: 0.000253 seconds.
  path: Assets/Office Room Furniture/Office/Textures/MouseKeyboard_1.png
  artifactKey: Guid(ecd2466740018a8488cf721288259769) Importer(815301076,1909f56bfc062723c751e8b465ee728b)
Start importing Assets/Office Room Furniture/Office/Textures/MouseKeyboard_1.png using Guid(ecd2466740018a8488cf721288259769) Importer(815301076,1909f56bfc062723c751e8b465ee728b)  -> (artifact id: 'bebfe52db157f096cedea199e7a49415') in 0.023364 seconds 
  Import took 0.026718 seconds .

========================================================================
Received Import Request.
  Time since last request: 0.000262 seconds.
  path: Assets/Office Room Furniture/Office/Textures/Nesting_Table_1_Normal.png
  artifactKey: Guid(03e68c1b1e56e814a9e62452f7a6c2d7) Importer(815301076,1909f56bfc062723c751e8b465ee728b)
Start importing Assets/Office Room Furniture/Office/Textures/Nesting_Table_1_Normal.png using Guid(03e68c1b1e56e814a9e62452f7a6c2d7) Importer(815301076,1909f56bfc062723c751e8b465ee728b)  -> (artifact id: '5201ff4474d7d55e46ab2a012fd146b4') in 0.026558 seconds 
  Import took 0.030463 seconds .

========================================================================
Received Import Request.
  Time since last request: 0.000244 seconds.
  path: Assets/Office Room Furniture/Office/Textures/Objects_1_Specular.png
  artifactKey: Guid(f28f8b46d9fa6844c9f1adb988c0e021) Importer(815301076,1909f56bfc062723c751e8b465ee728b)
Start importing Assets/Office Room Furniture/Office/Textures/Objects_1_Specular.png using Guid(f28f8b46d9fa6844c9f1adb988c0e021) Importer(815301076,1909f56bfc062723c751e8b465ee728b)  -> (artifact id: '46539d896f3816a63e022c0cef00865f') in 0.025675 seconds 
  Import took 0.029254 seconds .

========================================================================
Received Import Request.
  Time since last request: 0.000193 seconds.
  path: Assets/Office Room Furniture/Office/Textures/Armchair_1_Specular.png
  artifactKey: Guid(0cd262e15db74544091ccef2b761f119) Importer(815301076,1909f56bfc062723c751e8b465ee728b)
Start importing Assets/Office Room Furniture/Office/Textures/Armchair_1_Specular.png using Guid(0cd262e15db74544091ccef2b761f119) Importer(815301076,1909f56bfc062723c751e8b465ee728b)  -> (artifact id: '8470592870746ed7c900349837c2c80d') in 0.023804 seconds 
  Import took 0.027664 seconds .

========================================================================
Received Import Request.
  Time since last request: 0.000251 seconds.
  path: Assets/Office Room Furniture/Office/Textures/OfficeDesk_2.png
  artifactKey: Guid(c2cc055053fe0ec419e77461134ca453) Importer(815301076,1909f56bfc062723c751e8b465ee728b)
Start importing Assets/Office Room Furniture/Office/Textures/OfficeDesk_2.png using Guid(c2cc055053fe0ec419e77461134ca453) Importer(815301076,1909f56bfc062723c751e8b465ee728b)  -> (artifact id: 'a40632342277d60a217952eb838e1528') in 0.033823 seconds 
  Import took 0.037102 seconds .

========================================================================
Received Import Request.
  Time since last request: 0.000224 seconds.
  path: Assets/Office Room Furniture/Office/Textures/Nesting_Table_Specular.png
  artifactKey: Guid(da6f00f11a60ae34cbc2d591b4060fe8) Importer(815301076,1909f56bfc062723c751e8b465ee728b)
Start importing Assets/Office Room Furniture/Office/Textures/Nesting_Table_Specular.png using Guid(da6f00f11a60ae34cbc2d591b4060fe8) Importer(815301076,1909f56bfc062723c751e8b465ee728b)  -> (artifact id: '4c93ffbcb75690cfb3c1cded56bc3751') in 0.015685 seconds 
  Import took 0.019120 seconds .

========================================================================
Received Import Request.
  Time since last request: 0.000185 seconds.
  path: Assets/Office Room Furniture/Office/Textures/OfficeChair_1_Specular.png
  artifactKey: Guid(c2507373ce5820c41a3d07be7332a611) Importer(815301076,1909f56bfc062723c751e8b465ee728b)
Start importing Assets/Office Room Furniture/Office/Textures/OfficeChair_1_Specular.png using Guid(c2507373ce5820c41a3d07be7332a611) Importer(815301076,1909f56bfc062723c751e8b465ee728b)  -> (artifact id: 'c0fe39f48e40b34136e1e7e850b39d23') in 0.016578 seconds 
  Import took 0.019606 seconds .

========================================================================
Received Import Request.
  Time since last request: 0.000249 seconds.
  path: Assets/Office Room Furniture/Office/Textures/Floor_Lamp_1_Normal.png
  artifactKey: Guid(3fa5712015f4cad45b5e96d99b15d4a3) Importer(815301076,1909f56bfc062723c751e8b465ee728b)
Start importing Assets/Office Room Furniture/Office/Textures/Floor_Lamp_1_Normal.png using Guid(3fa5712015f4cad45b5e96d99b15d4a3) Importer(815301076,1909f56bfc062723c751e8b465ee728b)  -> (artifact id: '4ce89e597cb67da7af6709c877f5162b') in 0.019952 seconds 
  Import took 0.023132 seconds .

========================================================================
Received Import Request.
  Time since last request: 0.000215 seconds.
  path: Assets/Office Room Furniture/Office/Textures/Nesting_Table_2.png
  artifactKey: Guid(79f24c1550212d648824a1e9a490b20c) Importer(815301076,1909f56bfc062723c751e8b465ee728b)
Start importing Assets/Office Room Furniture/Office/Textures/Nesting_Table_2.png using Guid(79f24c1550212d648824a1e9a490b20c) Importer(815301076,1909f56bfc062723c751e8b465ee728b)  -> (artifact id: 'b82d3f7c6cd121fc54a27eed3d733ab6') in 0.026471 seconds 
  Import took 0.030787 seconds .

========================================================================
Received Import Request.
  Time since last request: 0.000215 seconds.
  path: Assets/Office Room Furniture/Office/Textures/Armchair_2.png
  artifactKey: Guid(9f87e967abe788942982716db167aa5d) Importer(815301076,1909f56bfc062723c751e8b465ee728b)
Start importing Assets/Office Room Furniture/Office/Textures/Armchair_2.png using Guid(9f87e967abe788942982716db167aa5d) Importer(815301076,1909f56bfc062723c751e8b465ee728b)  -> (artifact id: '6e279e5c743764494db5ce8b012f5aab') in 0.029169 seconds 
  Import took 0.033509 seconds .

========================================================================
Received Import Request.
  Time since last request: 0.000398 seconds.
  path: Assets/Office Room Furniture/Office/Textures/OfficeDesk_1_Normal.png
  artifactKey: Guid(84ac3b84cf3a43347ab205e94c6ab50a) Importer(815301076,1909f56bfc062723c751e8b465ee728b)
Start importing Assets/Office Room Furniture/Office/Textures/OfficeDesk_1_Normal.png using Guid(84ac3b84cf3a43347ab205e94c6ab50a) Importer(815301076,1909f56bfc062723c751e8b465ee728b)  -> (artifact id: 'b19b16a816cc086dfe288ad6f5f41eb0') in 0.019112 seconds 
  Import took 0.022081 seconds .

========================================================================
Received Import Request.
  Time since last request: 0.000179 seconds.
  path: Assets/Office Room Furniture/Office/Textures/Frame_1_Specularr.png
  artifactKey: Guid(d1f60996ce2d30d4aa19dfba3f373c46) Importer(815301076,1909f56bfc062723c751e8b465ee728b)
Start importing Assets/Office Room Furniture/Office/Textures/Frame_1_Specularr.png using Guid(d1f60996ce2d30d4aa19dfba3f373c46) Importer(815301076,1909f56bfc062723c751e8b465ee728b)  -> (artifact id: '432020bbc755a9b18370461290576c4d') in 0.031604 seconds 
  Import took 0.034451 seconds .

========================================================================
Received Import Request.
  Time since last request: 0.000234 seconds.
  path: Assets/Office Room Furniture/Office/Textures/Nesting_Table_1.png
  artifactKey: Guid(01163516efa8821408693b5c8693d321) Importer(815301076,1909f56bfc062723c751e8b465ee728b)
Start importing Assets/Office Room Furniture/Office/Textures/Nesting_Table_1.png using Guid(01163516efa8821408693b5c8693d321) Importer(815301076,1909f56bfc062723c751e8b465ee728b)  -> (artifact id: 'a562195a1cb69b5c78a1d890eb352838') in 0.021522 seconds 
  Import took 0.026115 seconds .

========================================================================
Received Import Request.
  Time since last request: 0.000260 seconds.
  path: Assets/Office Room Furniture/Office/Textures/Monitor_1_Normal.png
  artifactKey: Guid(8929694cc4602b64f86f195a3c376c15) Importer(815301076,1909f56bfc062723c751e8b465ee728b)
Start importing Assets/Office Room Furniture/Office/Textures/Monitor_1_Normal.png using Guid(8929694cc4602b64f86f195a3c376c15) Importer(815301076,1909f56bfc062723c751e8b465ee728b)  -> (artifact id: '5de02c96e6338b64103fdc60b252271a') in 0.029109 seconds 
  Import took 0.033943 seconds .

========================================================================
Received Import Request.
  Time since last request: 0.000244 seconds.
  path: Assets/Office Room Furniture/Office/Textures/OfficeChair_1_Normal.png
  artifactKey: Guid(79975e6d1855de54f853c7502c7f24ad) Importer(815301076,1909f56bfc062723c751e8b465ee728b)
Start importing Assets/Office Room Furniture/Office/Textures/OfficeChair_1_Normal.png using Guid(79975e6d1855de54f853c7502c7f24ad) Importer(815301076,1909f56bfc062723c751e8b465ee728b)  -> (artifact id: '592e693c890a83a62ec5fa64e29ece26') in 0.018556 seconds 
  Import took 0.021989 seconds .

========================================================================
Received Import Request.
  Time since last request: 0.000230 seconds.
  path: Assets/Office Room Furniture/Office/Textures/Monitor_1.png
  artifactKey: Guid(0f6dc364ac678114a9fb8ea6522b3ed6) Importer(815301076,1909f56bfc062723c751e8b465ee728b)
Start importing Assets/Office Room Furniture/Office/Textures/Monitor_1.png using Guid(0f6dc364ac678114a9fb8ea6522b3ed6) Importer(815301076,1909f56bfc062723c751e8b465ee728b)  -> (artifact id: '4673af2f7dd2e2b7da4e180d7c97317c') in 0.012163 seconds 
  Import took 0.015058 seconds .

========================================================================
Received Import Request.
  Time since last request: 0.000935 seconds.
  path: Assets/Office Room Furniture/Office/Textures/OfficeChair_1_Normal.png
  artifactKey: Guid(79975e6d1855de54f853c7502c7f24ad) Importer(815301076,1909f56bfc062723c751e8b465ee728b)
Start importing Assets/Office Room Furniture/Office/Textures/OfficeChair_1_Normal.png using Guid(79975e6d1855de54f853c7502c7f24ad) Importer(815301076,1909f56bfc062723c751e8b465ee728b)  -> (artifact id: '592e693c890a83a62ec5fa64e29ece26') in 0.016369 seconds 
  Import took 0.020259 seconds .

========================================================================
Received Import Request.
  Time since last request: 269.960249 seconds.
  path: Assets/3Dfrk/Frames with pictures
  artifactKey: Guid(d0f6c004e30f8ea47beae89302b286fd) Importer(815301076,1909f56bfc062723c751e8b465ee728b)
Start importing Assets/3Dfrk/Frames with pictures using Guid(d0f6c004e30f8ea47beae89302b286fd) Importer(815301076,1909f56bfc062723c751e8b465ee728b)  -> (artifact id: 'b0216d33316378fe212ee8444d74986d') in 0.008154 seconds 
  Import took 0.011392 seconds .

========================================================================
Received Import Request.
  Time since last request: 3.254314 seconds.
  path: Assets/3Dfrk/Frames with pictures/Prefabs
  artifactKey: Guid(5f0b50f261fd49c4aac75594c225e812) Importer(815301076,1909f56bfc062723c751e8b465ee728b)
Start importing Assets/3Dfrk/Frames with pictures/Prefabs using Guid(5f0b50f261fd49c4aac75594c225e812) Importer(815301076,1909f56bfc062723c751e8b465ee728b)  -> (artifact id: '81eb34297db1795f5338624d28056a32') in 0.007486 seconds 
  Import took 0.010829 seconds .

========================================================================
Received Import Request.
  Time since last request: 2.203255 seconds.
  path: Assets/3Dfrk/Frames with pictures/Prefabs/Paint_01.prefab
  artifactKey: Guid(eded3844e29c2ec40bc278e2cbd31279) Importer(815301076,1909f56bfc062723c751e8b465ee728b)
Start importing Assets/3Dfrk/Frames with pictures/Prefabs/Paint_01.prefab using Guid(eded3844e29c2ec40bc278e2cbd31279) Importer(815301076,1909f56bfc062723c751e8b465ee728b)  -> (artifact id: '50aa15aca25402b9558462982f8931cc') in 0.099506 seconds 
  Import took 0.102832 seconds .

========================================================================
Received Import Request.
  Time since last request: 0.000283 seconds.
  path: Assets/3Dfrk/Frames with pictures/Prefabs/Paint_02.prefab
  artifactKey: Guid(f7c4d057f1187c64bad50c0d179a5f39) Importer(815301076,1909f56bfc062723c751e8b465ee728b)
Start importing Assets/3Dfrk/Frames with pictures/Prefabs/Paint_02.prefab using Guid(f7c4d057f1187c64bad50c0d179a5f39) Importer(815301076,1909f56bfc062723c751e8b465ee728b)  -> (artifact id: '834fceb8f4d7109bb2eadf7e04e7ef92') in 0.019186 seconds 
  Import took 0.022486 seconds .

========================================================================
Received Import Request.
  Time since last request: 0.000295 seconds.
  path: Assets/3Dfrk/Frames with pictures/Prefabs/Paint_08.prefab
  artifactKey: Guid(5c58155118a1cf2469411428cfd4362c) Importer(815301076,1909f56bfc062723c751e8b465ee728b)
Start importing Assets/3Dfrk/Frames with pictures/Prefabs/Paint_08.prefab using Guid(5c58155118a1cf2469411428cfd4362c) Importer(815301076,1909f56bfc062723c751e8b465ee728b)  -> (artifact id: '0f23d7d20bfa237103fca860804471ce') in 0.017035 seconds 
  Import took 0.021242 seconds .

========================================================================
Received Import Request.
  Time since last request: 0.000523 seconds.
  path: Assets/3Dfrk/Frames with pictures/Prefabs/Paint_10.prefab
  artifactKey: Guid(ba649581e7ae3f54a9892d5967eaaf4a) Importer(815301076,1909f56bfc062723c751e8b465ee728b)
Start importing Assets/3Dfrk/Frames with pictures/Prefabs/Paint_10.prefab using Guid(ba649581e7ae3f54a9892d5967eaaf4a) Importer(815301076,1909f56bfc062723c751e8b465ee728b)  -> (artifact id: '2effc68bb30de1475eb973a974d5e9d8') in 0.018164 seconds 
  Import took 0.021962 seconds .

========================================================================
Received Import Request.
  Time since last request: 0.000292 seconds.
  path: Assets/3Dfrk/Frames with pictures/Prefabs/Paint_03.prefab
  artifactKey: Guid(ec2a6eb55d6bac64f8e60e43c3cb20ad) Importer(815301076,1909f56bfc062723c751e8b465ee728b)
Start importing Assets/3Dfrk/Frames with pictures/Prefabs/Paint_03.prefab using Guid(ec2a6eb55d6bac64f8e60e43c3cb20ad) Importer(815301076,1909f56bfc062723c751e8b465ee728b)  -> (artifact id: 'bb0c3186cae4193baa7c5054a4a598b7') in 0.029097 seconds 
  Import took 0.032858 seconds .

========================================================================
Received Import Request.
  Time since last request: 0.000251 seconds.
  path: Assets/3Dfrk/Frames with pictures/Prefabs/Paint_07.prefab
  artifactKey: Guid(1906dcb2568c13f4c962c7e0c0d82ac3) Importer(815301076,1909f56bfc062723c751e8b465ee728b)
Start importing Assets/3Dfrk/Frames with pictures/Prefabs/Paint_07.prefab using Guid(1906dcb2568c13f4c962c7e0c0d82ac3) Importer(815301076,1909f56bfc062723c751e8b465ee728b)  -> (artifact id: 'ac160356ca1be5e13b4e460595305b25') in 0.021672 seconds 
  Import took 0.025389 seconds .

========================================================================
Received Import Request.
  Time since last request: 0.000265 seconds.
  path: Assets/3Dfrk/Frames with pictures/Prefabs/Paint_05.prefab
  artifactKey: Guid(335e5cedc041a614c86ff1f3feee693a) Importer(815301076,1909f56bfc062723c751e8b465ee728b)
Start importing Assets/3Dfrk/Frames with pictures/Prefabs/Paint_05.prefab using Guid(335e5cedc041a614c86ff1f3feee693a) Importer(815301076,1909f56bfc062723c751e8b465ee728b)  -> (artifact id: 'b2665bb9077da9c4d0d992e682658d5c') in 0.018354 seconds 
  Import took 0.021704 seconds .

========================================================================
Received Import Request.
  Time since last request: 0.000255 seconds.
  path: Assets/3Dfrk/Frames with pictures/Prefabs/Paint_09.prefab
  artifactKey: Guid(356b1d37aedb571479e6cff7bda80568) Importer(815301076,1909f56bfc062723c751e8b465ee728b)
Start importing Assets/3Dfrk/Frames with pictures/Prefabs/Paint_09.prefab using Guid(356b1d37aedb571479e6cff7bda80568) Importer(815301076,1909f56bfc062723c751e8b465ee728b)  -> (artifact id: '2673bb65f1486a9d6c4a3959be73f76b') in 0.019280 seconds 
  Import took 0.022784 seconds .

========================================================================
Received Import Request.
  Time since last request: 0.000262 seconds.
  path: Assets/3Dfrk/Frames with pictures/Prefabs/Paint_06.prefab
  artifactKey: Guid(abda86a92826ad74f8b3f4b1ab326acc) Importer(815301076,1909f56bfc062723c751e8b465ee728b)
Start importing Assets/3Dfrk/Frames with pictures/Prefabs/Paint_06.prefab using Guid(abda86a92826ad74f8b3f4b1ab326acc) Importer(815301076,1909f56bfc062723c751e8b465ee728b)  -> (artifact id: '88ebd4f23908e90f23570aa2d19730eb') in 0.018776 seconds 
  Import took 0.023526 seconds .

========================================================================
Received Import Request.
  Time since last request: 0.000417 seconds.
  path: Assets/3Dfrk/Frames with pictures/Prefabs/Paint_04.prefab
  artifactKey: Guid(7e9db585073230b438ac03f1ddea8b07) Importer(815301076,1909f56bfc062723c751e8b465ee728b)
Start importing Assets/3Dfrk/Frames with pictures/Prefabs/Paint_04.prefab using Guid(7e9db585073230b438ac03f1ddea8b07) Importer(815301076,1909f56bfc062723c751e8b465ee728b)  -> (artifact id: '38e9bb796038d9a48ec6b926d27a6356') in 0.019201 seconds 
  Import took 0.022360 seconds .

========================================================================
Received Import Request.
  Time since last request: 123.361139 seconds.
  path: Assets/Office Room Furniture/Office
  artifactKey: Guid(708aabb91a916e8498b47b4f5ad447cb) Importer(815301076,1909f56bfc062723c751e8b465ee728b)
Start importing Assets/Office Room Furniture/Office using Guid(708aabb91a916e8498b47b4f5ad447cb) Importer(815301076,1909f56bfc062723c751e8b465ee728b)  -> (artifact id: '84cb92896ef90095514b7a4b85b36c58') in 0.009705 seconds 
  Import took 0.012637 seconds .

========================================================================
Received Import Request.
  Time since last request: 0.001260 seconds.
  path: Assets/Office Room Furniture/Office
  artifactKey: Guid(708aabb91a916e8498b47b4f5ad447cb) Importer(815301076,1909f56bfc062723c751e8b465ee728b)
Start importing Assets/Office Room Furniture/Office using Guid(708aabb91a916e8498b47b4f5ad447cb) Importer(815301076,1909f56bfc062723c751e8b465ee728b)  -> (artifact id: '84cb92896ef90095514b7a4b85b36c58') in 0.002834 seconds 
  Import took 0.005783 seconds .

========================================================================
Received Import Request.
  Time since last request: 1.092353 seconds.
  path: Assets/Office Room Furniture/Office/Textures
  artifactKey: Guid(3b93bd5f6b161b048840f2e1ad8310e1) Importer(815301076,1909f56bfc062723c751e8b465ee728b)
Start importing Assets/Office Room Furniture/Office/Textures using Guid(3b93bd5f6b161b048840f2e1ad8310e1) Importer(815301076,1909f56bfc062723c751e8b465ee728b)  -> (artifact id: 'd0f838e41b09c63050d3aa6b0923e1de') in 0.031663 seconds 
  Import took 0.034879 seconds .

========================================================================
Received Prepare
Registering precompiled user dll's ...
Registered in 0.005130 seconds.
Begin MonoManager ReloadAssembly
Native extension for WindowsStandalone target not found
Refreshing native plugins compatible for Editor in 0.51 ms, found 5 plugins.
Preloading 0 native plugins for Editor in 0.00 ms.
Mono: successfully reloaded assembly
- Completed reload, in  1.041 seconds
Domain Reload Profiling:
	ReloadAssembly (1042ms)
		BeginReloadAssembly (102ms)
			ExecutionOrderSort (0ms)
			DisableScriptedObjects (4ms)
			BackupInstance (0ms)
			ReleaseScriptingObjects (0ms)
			CreateAndSetChildDomain (31ms)
		EndReloadAssembly (873ms)
			LoadAssemblies (95ms)
			RebuildTransferFunctionScriptingTraits (0ms)
			SetupTypeCache (322ms)
			ReleaseScriptCaches (1ms)
			RebuildScriptCaches (39ms)
			SetupLoadedEditorAssemblies (308ms)
				LogAssemblyErrors (0ms)
				InitializePlatformSupportModulesInManaged (5ms)
				SetLoadedEditorAssemblies (0ms)
				RefreshPlugins (1ms)
				BeforeProcessingInitializeOnLoad (63ms)
				ProcessInitializeOnLoadAttributes (228ms)
				ProcessInitializeOnLoadMethodAttributes (4ms)
				AfterProcessingInitializeOnLoad (6ms)
				EditorAssembliesLoaded (0ms)
			ExecutionOrderSort2 (0ms)
			AwakeInstancesAfterBackupRestoration (6ms)
Platform modules already initialized, skipping
Refreshing native plugins compatible for Editor in 0.48 ms, found 5 plugins.
Preloading 0 native plugins for Editor in 0.00 ms.
Unloading 1723 Unused Serialized files (Serialized files now loaded: 0)
System memory in use before: 95.5 MB.
System memory in use after: 95.6 MB.

Unloading 13 unused Assets to reduce memory usage. Loaded Objects now: 2243.
Total: 3.192700 ms (FindLiveObjects: 0.181500 ms CreateObjectMapping: 0.044400 ms MarkObjects: 2.951300 ms  DeleteObjects: 0.014500 ms)

AssetImportParameters requested are different than current active one (requested -> active):
  custom:framework-win-MediaFoundation: 216162199b28c13a410421893ffa2e32 -> 
  custom:video-decoder-ogg-theora: a1e56fd34408186e4bbccfd4996cb3dc -> 
  custom:container-muxer-webm: aa71ff27fc2769a1b78a27578f13a17b -> 
  custom:container-demuxer-webm: 4f35f7cbe854078d1ac9338744f61a02 -> 
  custom:container-demuxer-ogg: 62fdf1f143b41e24485cea50d1cbac27 -> 
  custom:video-encoder-webm-vp8: eb34c28f22e8b96e1ab97ce403110664 -> 
  custom:video-codec-MediaFoundation-h265: 746d11721c4dcdbdad8f713fa42b33f4 -> 
  custom:video-decoder-webm-vp8: 9c59270c3fd7afecdb556c50c9e8de78 -> 
  custom:audio-decoder-ogg-vorbis: bf7c407c2cedff20999df2af8eb42d56 -> 
  custom:audio-encoder-webm-vorbis: bf7c407c2cedff20999df2af8eb42d56 -> 
